2023-12-29 14:51:28,775 | INFO: Start of Banking System....
2023-12-29 14:51:28,776 | INFO: Amount 500 deposit successfully. Depositer current balance 10500.
2023-12-29 14:51:28,777 | INFO: Take 2000. Current balance is 8500.
2023-12-29 14:51:28,777 | INFO: Amount 100 deposit successfully. Depositer current balance 8600.
2023-12-29 14:51:28,827 | INFO: Start of employee management system...
2023-12-29 14:51:28,828 | INFO: Calculated yearly bonus for 40000: 8000.0
2023-12-29 14:51:28,829 | INFO: Show the employee details...
2023-12-29 14:51:28,829 | INFO: Employee ID: 1234, Name: Rajdip Das, Salary: 40000, bonus: 8000.0
2023-12-29 14:51:28,927 | INFO: Starting vehicle rental system....
2023-12-29 14:51:28,928 | INFO: bike1 added to available vehicles.
2023-12-29 14:51:28,929 | INFO: bike2 added to available vehicles.
2023-12-29 14:51:28,929 | INFO: car1 added to available vehicles.
2023-12-29 14:51:28,929 | INFO: car2 added to available vehicles.
2023-12-29 14:51:28,929 | INFO: Available vehicles: {'bike2', 'bike1', 'car1', 'car2'}
2023-12-29 14:51:28,929 | INFO: car2 rented.
2023-12-29 14:51:28,929 | INFO: Available vehicles: {'bike2', 'bike1', 'car1'}
2023-12-29 14:51:28,930 | INFO: car2 returned.
2023-12-29 14:51:28,930 | INFO: Available vehicles: {'car2', 'car1', 'bike1', 'bike2'}
2023-12-29 14:51:29,100 | INFO: Making a book...
2023-12-29 14:51:29,103 | INFO: Starting library...
2023-12-29 14:51:29,112 | INFO: Added 'Let us C' by Yashavant Kanetkar to the library.
2023-12-29 14:51:29,113 | INFO: Added 'Python for dummies' by Stef Maruch to the library.
2023-12-29 14:51:29,114 | INFO: Added 'Rich Dad Poor Dad' by Robert Kiyosaki to the library.
2023-12-29 14:51:29,115 | INFO: Available books: 
2023-12-29 14:51:29,115 | INFO: 'Let us C' by Yashavant Kanetkar
2023-12-29 14:51:29,116 | INFO: 'Python for dummies' by Stef Maruch
2023-12-29 14:51:29,116 | INFO: 'Rich Dad Poor Dad' by Robert Kiyosaki
2023-12-29 14:51:29,116 | INFO: Borrowed 'Let us C' by Yashavant Kanetkar.
2023-12-29 14:51:29,117 | INFO: Borrowed 'Python for dummies' by Stef Maruch.
2023-12-29 14:51:29,117 | INFO: Available books: 
2023-12-29 14:51:29,117 | INFO: 'Rich Dad Poor Dad' by Robert Kiyosaki
2023-12-29 14:51:29,117 | INFO: Returned 'Let us C' by Yashavant Kanetkar.
2023-12-29 14:51:29,118 | INFO: Available books: 
2023-12-29 14:51:29,118 | INFO: 'Let us C' by Yashavant Kanetkar
2023-12-29 14:51:29,118 | INFO: 'Rich Dad Poor Dad' by Robert Kiyosaki
2023-12-29 14:51:29,175 | INFO: Making a product....
2023-12-29 14:51:29,176 | INFO: Starting inventory....
2023-12-29 14:51:29,177 | INFO: Added 50 'Laptop' (ID: 1201) to the inventory.
2023-12-29 14:51:29,178 | INFO: Added 95 'Keyboard' (ID: 1202) to the inventory.
2023-12-29 14:51:29,178 | INFO: Added 20 'Monitor' (ID: 1203) to the inventory.
2023-12-29 14:51:29,178 | INFO: Added 85 'Mouse' (ID: 1204) to the inventory.
2023-12-29 14:51:29,179 | INFO: Available Products: 
2023-12-29 14:51:29,179 | INFO: ID: 1201, Name: Laptop, Quantity: 50
2023-12-29 14:51:29,179 | INFO: ID: 1202, Name: Keyboard, Quantity: 95
2023-12-29 14:51:29,179 | INFO: ID: 1203, Name: Monitor, Quantity: 20
2023-12-29 14:51:29,179 | INFO: ID: 1204, Name: Mouse, Quantity: 85
2023-12-29 14:51:29,180 | INFO: Updated quantity of 'Monitor' (ID: 1203) to 50.
2023-12-29 14:51:29,180 | ERROR: Product with ID '1214' doesn't exist in the inventory.
2023-12-29 14:51:29,180 | INFO: Updated quantity of 'Laptop' (ID: 1201) to 75.
2023-12-29 14:51:29,181 | INFO: Available Products: 
2023-12-29 14:51:29,181 | INFO: ID: 1201, Name: Laptop, Quantity: 75
2023-12-29 14:51:29,181 | INFO: ID: 1202, Name: Keyboard, Quantity: 95
2023-12-29 14:51:29,181 | INFO: ID: 1203, Name: Monitor, Quantity: 50
2023-12-29 14:51:29,182 | INFO: ID: 1204, Name: Mouse, Quantity: 85
2023-12-29 14:51:29,240 | INFO: Shape detecting....
2023-12-29 14:51:29,240 | INFO: Area of a square with side 6: 36
2023-12-29 14:51:29,241 | INFO: Perimeter of a square with side 6: 24
2023-12-29 14:51:29,241 | INFO: Area of a rectangle with length 6 and width 4: 24
2023-12-29 14:51:29,242 | INFO: Perimeter of a rectangle with length 6 and width 4: 20
2023-12-29 14:51:29,242 | INFO: Area of a triangle with length 7 and height 5: 17.5
2023-12-29 14:51:29,243 | ERROR: Invalid dimensions provided.
2023-12-29 14:51:29,243 | INFO: Surface area of cuboid with length 2, width 4, and height 6: 88
2023-12-29 14:51:29,243 | ERROR: Invalid dimensions provided.
2023-12-29 14:51:29,294 | INFO: Starting of student create.....
2023-12-29 14:51:29,295 | INFO: Student ID: 12, Name: Dev, Grades: [20, 36, 42]
2023-12-29 14:51:29,296 | INFO: Student ID: 15, Name: Raj, Grades: [28, 35, 47]
2023-12-29 14:51:29,296 | INFO: Grade 38 added for Dev
2023-12-29 14:51:29,297 | INFO: Grade 49 added for Raj
2023-12-29 14:51:29,297 | INFO: Student ID: 12, Name: Dev, Grades: [20, 36, 42, 38]
2023-12-29 14:51:29,297 | INFO: Student ID: 15, Name: Raj, Grades: [28, 35, 47, 49]
2023-12-29 14:51:29,298 | INFO: Average grade for Dev: 34.0
2023-12-29 14:51:29,298 | INFO: Average grade for Raj: 39.75
2023-12-29 14:51:29,330 | INFO: Starting of email sender....
2023-12-29 14:51:29,331 | INFO: Email sent from 'raj@gmail.com' to 'google.job@google.com' with subject: 'Job Search'
2023-12-29 14:51:29,332 | INFO: Email details:
2023-12-29 14:51:29,332 | INFO: Sender: raj@gmail.com, Recipient: google.job@google.com, Subject: Job Search, Body: Hello sir, I want a opportunity in Data Science Role.
2023-12-29 14:51:29,391 | INFO: Starting of social media.....
2023-12-29 14:51:29,392 | INFO: Added a new post: Hello everyone!! It's my first post.
2023-12-29 14:51:29,393 | INFO: Added a new post: It is a beautiful day!!
2023-12-29 14:51:29,394 | INFO: Added a new post: The flower is so beautiful.
2023-12-29 14:51:29,394 | INFO: Posts by Rajdip Das:
2023-12-29 14:51:29,394 | INFO: ["Hello everyone!! It's my first post.", 'It is a beautiful day!!', 'The flower is so beautiful.']
2023-12-29 14:51:29,395 | INFO: Entered keyword: beautiful
2023-12-29 14:51:29,395 | INFO: Posts containing 'beautiful' by Rajdip Das
2023-12-29 14:51:29,395 | INFO: ['It is a beautiful day!!', 'The flower is so beautiful.']
2023-12-29 14:51:29,434 | INFO: Starting of Todolist....
2023-12-29 14:51:29,436 | INFO: Added Task: Finish assignment, Due: 30-12-2023
2023-12-29 14:51:29,438 | INFO: Added Task: Go to gym, Due: 29-12-2023
2023-12-29 14:51:29,439 | INFO: Added Task: Go to market, Due: 29-12-2023
2023-12-29 14:51:29,439 | INFO: Pending tasks:
2023-12-29 14:51:29,440 | INFO: dict_items([('Finish assignment', '30-12-2023'), ('Go to gym', '29-12-2023'), ('Go to market', '29-12-2023')])
2023-12-29 14:51:29,440 | INFO: Marked task 'Go to market' as completed.
2023-12-29 14:51:29,441 | INFO: Pending tasks:
2023-12-29 14:51:29,441 | INFO: dict_items([('Finish assignment', '30-12-2023'), ('Go to gym', '29-12-2023')])
